<?xml version="1.0" encoding="UTF-8"?>
<testng-results skipped="0" failed="0" total="1" passed="1">
  <reporter-output>
  </reporter-output>
  <suite name="Suite" duration-ms="38890" started-at="2019-06-01T10:42:49Z" finished-at="2019-06-01T10:43:28Z">
    <groups>
    </groups>
    <test name="Test" duration-ms="38890" started-at="2019-06-01T10:42:49Z" finished-at="2019-06-01T10:43:28Z">
      <class name="JavaFramework.snapdealScenarioTest">
        <test-method status="PASS" signature="setup()[pri:0, instance:JavaFramework.snapdealScenarioTest@6276ae34]" name="setup" is-config="true" duration-ms="28262" started-at="2019-06-01T16:12:49Z" finished-at="2019-06-01T16:13:18Z">
          <reporter-output>
          </reporter-output>
        </test-method> <!-- setup -->
        <test-method status="PASS" signature="testPriceSlider()[pri:0, instance:JavaFramework.snapdealScenarioTest@6276ae34]" name="testPriceSlider" duration-ms="9500" started-at="2019-06-01T16:13:18Z" finished-at="2019-06-01T16:13:28Z">
          <reporter-output>
          </reporter-output>
        </test-method> <!-- testPriceSlider -->
        <test-method status="PASS" signature="tearDown()[pri:0, instance:JavaFramework.snapdealScenarioTest@6276ae34]" name="tearDown" is-config="true" duration-ms="633" started-at="2019-06-01T16:13:28Z" finished-at="2019-06-01T16:13:28Z">
          <reporter-output>
          </reporter-output>
        </test-method> <!-- tearDown -->
      </class> <!-- JavaFramework.snapdealScenarioTest -->
    </test> <!-- Test -->
  </suite> <!-- Suite -->
</testng-results>
