<?xml version="1.0" encoding="UTF-8"?>
<testng-results skipped="0" failed="0" total="1" passed="1">
  <reporter-output>
  </reporter-output>
  <suite name="Suite" duration-ms="11891" started-at="2020-05-16T15:15:45Z" finished-at="2020-05-16T15:15:57Z">
    <groups>
    </groups>
    <test name="Test" duration-ms="11891" started-at="2020-05-16T15:15:45Z" finished-at="2020-05-16T15:15:57Z">
      <class name="JavaFramework.ExcelDataTest.ExcelDataTest">
        <test-method status="PASS" signature="setup()[pri:0, instance:JavaFramework.ExcelDataTest.ExcelDataTest@515c6049]" name="setup" is-config="true" duration-ms="7031" started-at="2020-05-16T20:45:45Z" finished-at="2020-05-16T20:45:52Z">
          <reporter-output>
          </reporter-output>
        </test-method> <!-- setup -->
        <test-method status="PASS" signature="testLogin()[pri:0, instance:JavaFramework.ExcelDataTest.ExcelDataTest@515c6049]" name="testLogin" duration-ms="763" started-at="2020-05-16T20:45:52Z" finished-at="2020-05-16T20:45:53Z">
          <reporter-output>
          </reporter-output>
        </test-method> <!-- testLogin -->
        <test-method status="PASS" signature="tearDown()[pri:0, instance:JavaFramework.ExcelDataTest.ExcelDataTest@515c6049]" name="tearDown" is-config="true" duration-ms="4074" started-at="2020-05-16T20:45:53Z" finished-at="2020-05-16T20:45:57Z">
          <reporter-output>
          </reporter-output>
        </test-method> <!-- tearDown -->
      </class> <!-- JavaFramework.ExcelDataTest.ExcelDataTest -->
    </test> <!-- Test -->
  </suite> <!-- Suite -->
</testng-results>
