<?xml version="1.0" encoding="UTF-8"?>
<testng-results skipped="0" failed="0" total="1" passed="1">
  <reporter-output>
  </reporter-output>
  <suite name="Default suite" duration-ms="13056" started-at="2020-05-16T20:37:45Z" finished-at="2020-05-16T20:37:58Z">
    <groups>
    </groups>
    <test name="Default test" duration-ms="13056" started-at="2020-05-16T20:37:45Z" finished-at="2020-05-16T20:37:58Z">
      <class name="JavaFramework.ExcelDataTest.ExcelDataTest">
        <test-method status="PASS" signature="setup()[pri:0, instance:JavaFramework.ExcelDataTest.ExcelDataTest@2eae8e6e]" name="setup" is-config="true" duration-ms="7740" started-at="2020-05-17T02:07:45Z" finished-at="2020-05-17T02:07:52Z">
          <reporter-output>
          </reporter-output>
        </test-method> <!-- setup -->
        <test-method status="PASS" signature="testLogin()[pri:0, instance:JavaFramework.ExcelDataTest.ExcelDataTest@2eae8e6e]" name="testLogin" duration-ms="1215" started-at="2020-05-17T02:07:52Z" finished-at="2020-05-17T02:07:54Z">
          <reporter-output>
          </reporter-output>
        </test-method> <!-- testLogin -->
        <test-method status="PASS" signature="tearDown()[pri:0, instance:JavaFramework.ExcelDataTest.ExcelDataTest@2eae8e6e]" name="tearDown" is-config="true" duration-ms="4083" started-at="2020-05-17T02:07:54Z" finished-at="2020-05-17T02:07:58Z">
          <reporter-output>
          </reporter-output>
        </test-method> <!-- tearDown -->
      </class> <!-- JavaFramework.ExcelDataTest.ExcelDataTest -->
    </test> <!-- Default test -->
  </suite> <!-- Default suite -->
</testng-results>
